{"level":"info","message":"Query: SELECT * FROM current_schema() ","service":"app-service","timestamp":"2025-02-26T06:52:25.158Z"}
{"level":"info","message":"Query: SELECT version(); ","service":"app-service","timestamp":"2025-02-26T06:52:25.194Z"}
{"level":"info","message":"Query: START TRANSACTION ","service":"app-service","timestamp":"2025-02-26T06:52:25.199Z"}
{"level":"info","message":"Query: SELECT * FROM \"information_schema\".\"tables\" WHERE \"table_schema\" = 'public' AND \"table_name\" = 'typeorm_metadata' ","service":"app-service","timestamp":"2025-02-26T06:52:25.202Z"}
{"level":"info","message":"Query: COMMIT ","service":"app-service","timestamp":"2025-02-26T06:52:25.240Z"}
{"level":"info","message":"Query: SELECT * FROM current_schema() ","service":"app-service","timestamp":"2025-02-26T06:53:02.937Z"}
{"level":"info","message":"Query: SELECT version(); ","service":"app-service","timestamp":"2025-02-26T06:53:02.943Z"}
{"level":"info","message":"Query: START TRANSACTION ","service":"app-service","timestamp":"2025-02-26T06:53:02.945Z"}
{"level":"info","message":"Query: SELECT * FROM \"information_schema\".\"tables\" WHERE \"table_schema\" = 'public' AND \"table_name\" = 'typeorm_metadata' ","service":"app-service","timestamp":"2025-02-26T06:53:02.946Z"}
{"level":"info","message":"Query: COMMIT ","service":"app-service","timestamp":"2025-02-26T06:53:02.952Z"}
{"level":"info","message":"Query: SELECT * FROM current_schema() ","service":"app-service","timestamp":"2025-02-26T06:53:22.539Z"}
{"level":"info","message":"Query: SELECT version(); ","service":"app-service","timestamp":"2025-02-26T06:53:22.545Z"}
{"level":"info","message":"Query: START TRANSACTION ","service":"app-service","timestamp":"2025-02-26T06:53:22.546Z"}
{"level":"info","message":"Query: SELECT * FROM \"information_schema\".\"tables\" WHERE \"table_schema\" = 'public' AND \"table_name\" = 'typeorm_metadata' ","service":"app-service","timestamp":"2025-02-26T06:53:22.548Z"}
{"level":"info","message":"Query: COMMIT ","service":"app-service","timestamp":"2025-02-26T06:53:22.553Z"}
{"level":"info","message":"Query: SELECT * FROM current_schema() ","service":"app-service","timestamp":"2025-02-26T06:53:53.933Z"}
{"level":"info","message":"Query: SELECT version(); ","service":"app-service","timestamp":"2025-02-26T06:53:53.940Z"}
{"level":"info","message":"Query: START TRANSACTION ","service":"app-service","timestamp":"2025-02-26T06:53:53.943Z"}
{"level":"info","message":"Query: SELECT * FROM \"information_schema\".\"tables\" WHERE \"table_schema\" = 'public' AND \"table_name\" = 'typeorm_metadata' ","service":"app-service","timestamp":"2025-02-26T06:53:53.944Z"}
{"level":"info","message":"Query: COMMIT ","service":"app-service","timestamp":"2025-02-26T06:53:53.951Z"}
{"level":"info","message":"Query: SELECT * FROM current_schema() ","service":"app-service","timestamp":"2025-02-26T06:53:57.240Z"}
{"level":"info","message":"Query: SELECT version(); ","service":"app-service","timestamp":"2025-02-26T06:53:57.247Z"}
{"level":"info","message":"Query: START TRANSACTION ","service":"app-service","timestamp":"2025-02-26T06:53:57.250Z"}
{"level":"info","message":"Query: SELECT * FROM \"information_schema\".\"tables\" WHERE \"table_schema\" = 'public' AND \"table_name\" = 'typeorm_metadata' ","service":"app-service","timestamp":"2025-02-26T06:53:57.252Z"}
{"level":"info","message":"Query: COMMIT ","service":"app-service","timestamp":"2025-02-26T06:53:57.260Z"}
{"level":"info","message":"Query: SELECT * FROM current_schema() ","service":"app-service","timestamp":"2025-02-26T06:54:59.628Z"}
{"level":"info","message":"Query: SELECT version(); ","service":"app-service","timestamp":"2025-02-26T06:54:59.635Z"}
{"level":"info","message":"Query: START TRANSACTION ","service":"app-service","timestamp":"2025-02-26T06:54:59.637Z"}
{"level":"info","message":"Query: SELECT * FROM \"information_schema\".\"tables\" WHERE \"table_schema\" = 'public' AND \"table_name\" = 'typeorm_metadata' ","service":"app-service","timestamp":"2025-02-26T06:54:59.639Z"}
{"level":"info","message":"Query: COMMIT ","service":"app-service","timestamp":"2025-02-26T06:54:59.645Z"}
{"level":"info","message":"Query: SELECT * FROM current_schema() ","service":"app-service","timestamp":"2025-02-26T06:55:03.159Z"}
{"level":"info","message":"Query: SELECT version(); ","service":"app-service","timestamp":"2025-02-26T06:55:03.166Z"}
{"level":"info","message":"Query: START TRANSACTION ","service":"app-service","timestamp":"2025-02-26T06:55:03.168Z"}
{"level":"info","message":"Query: SELECT * FROM \"information_schema\".\"tables\" WHERE \"table_schema\" = 'public' AND \"table_name\" = 'typeorm_metadata' ","service":"app-service","timestamp":"2025-02-26T06:55:03.170Z"}
{"level":"info","message":"Query: COMMIT ","service":"app-service","timestamp":"2025-02-26T06:55:03.177Z"}
{"level":"info","message":"Query: SELECT * FROM current_schema() ","service":"app-service","timestamp":"2025-02-26T06:55:07.803Z"}
{"level":"info","message":"Query: SELECT version(); ","service":"app-service","timestamp":"2025-02-26T06:55:07.810Z"}
{"level":"info","message":"Query: START TRANSACTION ","service":"app-service","timestamp":"2025-02-26T06:55:07.812Z"}
{"level":"info","message":"Query: SELECT * FROM \"information_schema\".\"tables\" WHERE \"table_schema\" = 'public' AND \"table_name\" = 'typeorm_metadata' ","service":"app-service","timestamp":"2025-02-26T06:55:07.814Z"}
{"level":"info","message":"Query: COMMIT ","service":"app-service","timestamp":"2025-02-26T06:55:07.821Z"}
{"level":"info","message":"Query: SELECT * FROM current_schema() ","service":"app-service","timestamp":"2025-02-26T06:55:16.696Z"}
{"level":"info","message":"Query: SELECT version(); ","service":"app-service","timestamp":"2025-02-26T06:55:16.704Z"}
{"level":"info","message":"Query: START TRANSACTION ","service":"app-service","timestamp":"2025-02-26T06:55:16.706Z"}
{"level":"info","message":"Query: SELECT * FROM \"information_schema\".\"tables\" WHERE \"table_schema\" = 'public' AND \"table_name\" = 'typeorm_metadata' ","service":"app-service","timestamp":"2025-02-26T06:55:16.708Z"}
{"level":"info","message":"Query: COMMIT ","service":"app-service","timestamp":"2025-02-26T06:55:16.715Z"}
{"level":"info","message":"Query: SELECT * FROM current_schema() ","service":"app-service","timestamp":"2025-02-26T06:55:18.603Z"}
{"level":"info","message":"Query: SELECT version(); ","service":"app-service","timestamp":"2025-02-26T06:55:18.609Z"}
{"level":"info","message":"Query: START TRANSACTION ","service":"app-service","timestamp":"2025-02-26T06:55:18.611Z"}
{"level":"info","message":"Query: SELECT * FROM \"information_schema\".\"tables\" WHERE \"table_schema\" = 'public' AND \"table_name\" = 'typeorm_metadata' ","service":"app-service","timestamp":"2025-02-26T06:55:18.612Z"}
{"level":"info","message":"Query: COMMIT ","service":"app-service","timestamp":"2025-02-26T06:55:18.619Z"}
{"level":"info","message":"Query: SELECT * FROM current_schema() ","service":"app-service","timestamp":"2025-02-26T06:55:25.193Z"}
{"level":"info","message":"Query: SELECT version(); ","service":"app-service","timestamp":"2025-02-26T06:55:25.201Z"}
{"level":"info","message":"Query: START TRANSACTION ","service":"app-service","timestamp":"2025-02-26T06:55:25.204Z"}
{"level":"info","message":"Query: SELECT * FROM \"information_schema\".\"tables\" WHERE \"table_schema\" = 'public' AND \"table_name\" = 'typeorm_metadata' ","service":"app-service","timestamp":"2025-02-26T06:55:25.206Z"}
{"level":"info","message":"Query: COMMIT ","service":"app-service","timestamp":"2025-02-26T06:55:25.213Z"}
{"level":"info","message":"Query: SELECT * FROM current_schema() ","service":"app-service","timestamp":"2025-02-26T06:55:32.591Z"}
{"level":"info","message":"Query: SELECT version(); ","service":"app-service","timestamp":"2025-02-26T06:55:32.597Z"}
{"level":"info","message":"Query: START TRANSACTION ","service":"app-service","timestamp":"2025-02-26T06:55:32.599Z"}
{"level":"info","message":"Query: SELECT * FROM \"information_schema\".\"tables\" WHERE \"table_schema\" = 'public' AND \"table_name\" = 'typeorm_metadata' ","service":"app-service","timestamp":"2025-02-26T06:55:32.601Z"}
{"level":"info","message":"Query: COMMIT ","service":"app-service","timestamp":"2025-02-26T06:55:32.606Z"}
{"level":"info","message":"Query: SELECT * FROM current_schema() ","service":"app-service","timestamp":"2025-02-26T06:55:42.664Z"}
{"level":"info","message":"Query: SELECT version(); ","service":"app-service","timestamp":"2025-02-26T06:55:42.670Z"}
{"level":"info","message":"Query: START TRANSACTION ","service":"app-service","timestamp":"2025-02-26T06:55:42.672Z"}
{"level":"info","message":"Query: SELECT * FROM \"information_schema\".\"tables\" WHERE \"table_schema\" = 'public' AND \"table_name\" = 'typeorm_metadata' ","service":"app-service","timestamp":"2025-02-26T06:55:42.673Z"}
{"level":"info","message":"Query: COMMIT ","service":"app-service","timestamp":"2025-02-26T06:55:42.680Z"}
{"level":"info","message":"Query: SELECT * FROM current_schema() ","service":"app-service","timestamp":"2025-02-26T06:55:47.153Z"}
{"level":"info","message":"Query: SELECT version(); ","service":"app-service","timestamp":"2025-02-26T06:55:47.160Z"}
{"level":"info","message":"Query: START TRANSACTION ","service":"app-service","timestamp":"2025-02-26T06:55:47.163Z"}
{"level":"info","message":"Query: SELECT * FROM \"information_schema\".\"tables\" WHERE \"table_schema\" = 'public' AND \"table_name\" = 'typeorm_metadata' ","service":"app-service","timestamp":"2025-02-26T06:55:47.165Z"}
{"level":"info","message":"Query: COMMIT ","service":"app-service","timestamp":"2025-02-26T06:55:47.171Z"}
{"level":"info","message":"Query: SELECT * FROM current_schema() ","service":"app-service","timestamp":"2025-02-26T06:57:50.361Z"}
{"level":"info","message":"Query: SELECT version(); ","service":"app-service","timestamp":"2025-02-26T06:57:50.373Z"}
{"level":"info","message":"Query: START TRANSACTION ","service":"app-service","timestamp":"2025-02-26T06:57:50.376Z"}
{"level":"info","message":"Query: SELECT * FROM \"information_schema\".\"tables\" WHERE \"table_schema\" = 'public' AND \"table_name\" = 'typeorm_metadata' ","service":"app-service","timestamp":"2025-02-26T06:57:50.381Z"}
{"level":"info","message":"Query: COMMIT ","service":"app-service","timestamp":"2025-02-26T06:57:50.395Z"}
{"level":"info","message":"Query: SELECT * FROM current_schema() ","service":"app-service","timestamp":"2025-02-26T06:57:54.853Z"}
{"level":"info","message":"Query: SELECT version(); ","service":"app-service","timestamp":"2025-02-26T06:57:54.866Z"}
{"level":"info","message":"Query: START TRANSACTION ","service":"app-service","timestamp":"2025-02-26T06:57:54.868Z"}
{"level":"info","message":"Query: SELECT * FROM \"information_schema\".\"tables\" WHERE \"table_schema\" = 'public' AND \"table_name\" = 'typeorm_metadata' ","service":"app-service","timestamp":"2025-02-26T06:57:54.870Z"}
{"level":"info","message":"Query: COMMIT ","service":"app-service","timestamp":"2025-02-26T06:57:54.877Z"}
{"level":"info","message":"Query: SELECT * FROM current_schema() ","service":"app-service","timestamp":"2025-02-26T06:57:58.529Z"}
{"level":"info","message":"Query: SELECT version(); ","service":"app-service","timestamp":"2025-02-26T06:57:58.535Z"}
{"level":"info","message":"Query: START TRANSACTION ","service":"app-service","timestamp":"2025-02-26T06:57:58.537Z"}
{"level":"info","message":"Query: SELECT * FROM \"information_schema\".\"tables\" WHERE \"table_schema\" = 'public' AND \"table_name\" = 'typeorm_metadata' ","service":"app-service","timestamp":"2025-02-26T06:57:58.538Z"}
{"level":"info","message":"Query: COMMIT ","service":"app-service","timestamp":"2025-02-26T06:57:58.544Z"}
{"level":"info","message":"Query: SELECT * FROM current_schema() ","service":"app-service","timestamp":"2025-02-26T06:58:11.309Z"}
{"level":"info","message":"Query: SELECT version(); ","service":"app-service","timestamp":"2025-02-26T06:58:11.319Z"}
{"level":"info","message":"Query: START TRANSACTION ","service":"app-service","timestamp":"2025-02-26T06:58:11.322Z"}
{"level":"info","message":"Query: SELECT * FROM \"information_schema\".\"tables\" WHERE \"table_schema\" = 'public' AND \"table_name\" = 'typeorm_metadata' ","service":"app-service","timestamp":"2025-02-26T06:58:11.324Z"}
{"level":"info","message":"Query: COMMIT ","service":"app-service","timestamp":"2025-02-26T06:58:11.330Z"}
{"level":"info","message":"[Request] POST /api/user - Body: {\"name\":\"Vish\"}","service":"app-service","timestamp":"2025-02-26T07:00:28.411Z"}
{"level":"info","message":"::1 - - [26/Feb/2025:07:00:28 +0000] \"POST /api/user HTTP/1.1\" 400 255 \"-\" \"EchoapiRuntime/1.1.0\"","service":"app-service","timestamp":"2025-02-26T07:00:28.419Z"}
{"level":"info","message":"[Response] POST / - Status: 400","service":"app-service","timestamp":"2025-02-26T07:00:28.420Z"}
{"level":"info","message":"[Request] POST /api/user - Body: {\"name\":{\"name\":\"Vish\"}}","service":"app-service","timestamp":"2025-02-26T07:00:50.140Z"}
{"level":"info","message":"::1 - - [26/Feb/2025:07:00:50 +0000] \"POST /api/user HTTP/1.1\" 400 380 \"-\" \"EchoapiRuntime/1.1.0\"","service":"app-service","timestamp":"2025-02-26T07:00:50.141Z"}
{"level":"info","message":"[Response] POST / - Status: 400","service":"app-service","timestamp":"2025-02-26T07:00:50.141Z"}
{"level":"info","message":"Query: SELECT * FROM current_schema() ","service":"app-service","timestamp":"2025-02-26T07:02:51.407Z"}
{"level":"info","message":"Query: SELECT version(); ","service":"app-service","timestamp":"2025-02-26T07:02:51.415Z"}
{"level":"info","message":"Query: START TRANSACTION ","service":"app-service","timestamp":"2025-02-26T07:02:51.417Z"}
{"level":"info","message":"Query: SELECT * FROM \"information_schema\".\"tables\" WHERE \"table_schema\" = 'public' AND \"table_name\" = 'typeorm_metadata' ","service":"app-service","timestamp":"2025-02-26T07:02:51.418Z"}
{"level":"info","message":"Query: COMMIT ","service":"app-service","timestamp":"2025-02-26T07:02:51.426Z"}
{"level":"info","message":"Query: SELECT * FROM current_schema() ","service":"app-service","timestamp":"2025-02-26T07:02:52.969Z"}
{"level":"info","message":"Query: SELECT version(); ","service":"app-service","timestamp":"2025-02-26T07:02:52.975Z"}
{"level":"info","message":"Query: START TRANSACTION ","service":"app-service","timestamp":"2025-02-26T07:02:52.976Z"}
{"level":"info","message":"Query: SELECT * FROM \"information_schema\".\"tables\" WHERE \"table_schema\" = 'public' AND \"table_name\" = 'typeorm_metadata' ","service":"app-service","timestamp":"2025-02-26T07:02:52.978Z"}
{"level":"info","message":"Query: COMMIT ","service":"app-service","timestamp":"2025-02-26T07:02:52.984Z"}
{"level":"info","message":"Query: SELECT * FROM current_schema() ","service":"app-service","timestamp":"2025-02-26T07:03:17.824Z"}
{"level":"info","message":"Query: SELECT version(); ","service":"app-service","timestamp":"2025-02-26T07:03:17.831Z"}
{"level":"info","message":"Query: START TRANSACTION ","service":"app-service","timestamp":"2025-02-26T07:03:17.833Z"}
{"level":"info","message":"Query: SELECT * FROM \"information_schema\".\"tables\" WHERE \"table_schema\" = 'public' AND \"table_name\" = 'typeorm_metadata' ","service":"app-service","timestamp":"2025-02-26T07:03:17.835Z"}
{"level":"info","message":"Query: COMMIT ","service":"app-service","timestamp":"2025-02-26T07:03:17.849Z"}
{"level":"info","message":"Query: SELECT * FROM current_schema() ","service":"app-service","timestamp":"2025-02-26T07:04:04.289Z"}
{"level":"info","message":"Query: SELECT version(); ","service":"app-service","timestamp":"2025-02-26T07:04:04.297Z"}
{"level":"info","message":"Query: START TRANSACTION ","service":"app-service","timestamp":"2025-02-26T07:04:04.299Z"}
{"level":"info","message":"Query: SELECT * FROM \"information_schema\".\"tables\" WHERE \"table_schema\" = 'public' AND \"table_name\" = 'typeorm_metadata' ","service":"app-service","timestamp":"2025-02-26T07:04:04.300Z"}
{"level":"info","message":"Query: COMMIT ","service":"app-service","timestamp":"2025-02-26T07:04:04.306Z"}
{"level":"info","message":"Query: SELECT * FROM current_schema() ","service":"app-service","timestamp":"2025-02-26T07:04:11.341Z"}
{"level":"info","message":"Query: SELECT version(); ","service":"app-service","timestamp":"2025-02-26T07:04:11.349Z"}
{"level":"info","message":"Query: START TRANSACTION ","service":"app-service","timestamp":"2025-02-26T07:04:11.351Z"}
{"level":"info","message":"Query: SELECT * FROM \"information_schema\".\"tables\" WHERE \"table_schema\" = 'public' AND \"table_name\" = 'typeorm_metadata' ","service":"app-service","timestamp":"2025-02-26T07:04:11.352Z"}
{"level":"info","message":"Query: COMMIT ","service":"app-service","timestamp":"2025-02-26T07:04:11.358Z"}
{"level":"info","message":"Query: SELECT * FROM current_schema() ","service":"app-service","timestamp":"2025-02-26T07:04:12.916Z"}
{"level":"info","message":"Query: SELECT version(); ","service":"app-service","timestamp":"2025-02-26T07:04:12.922Z"}
{"level":"info","message":"Query: START TRANSACTION ","service":"app-service","timestamp":"2025-02-26T07:04:12.923Z"}
{"level":"info","message":"Query: SELECT * FROM \"information_schema\".\"tables\" WHERE \"table_schema\" = 'public' AND \"table_name\" = 'typeorm_metadata' ","service":"app-service","timestamp":"2025-02-26T07:04:12.925Z"}
{"level":"info","message":"Query: COMMIT ","service":"app-service","timestamp":"2025-02-26T07:04:12.931Z"}
{"level":"info","message":"Query: SELECT * FROM current_schema() ","service":"app-service","timestamp":"2025-02-26T07:04:49.068Z"}
{"level":"info","message":"Query: SELECT version(); ","service":"app-service","timestamp":"2025-02-26T07:04:49.076Z"}
{"level":"info","message":"Query: START TRANSACTION ","service":"app-service","timestamp":"2025-02-26T07:04:49.078Z"}
{"level":"info","message":"Query: SELECT * FROM \"information_schema\".\"tables\" WHERE \"table_schema\" = 'public' AND \"table_name\" = 'typeorm_metadata' ","service":"app-service","timestamp":"2025-02-26T07:04:49.080Z"}
{"level":"info","message":"Query: COMMIT ","service":"app-service","timestamp":"2025-02-26T07:04:49.088Z"}
{"level":"info","message":"Query: SELECT * FROM current_schema() ","service":"app-service","timestamp":"2025-02-26T07:04:51.245Z"}
{"level":"info","message":"Query: SELECT version(); ","service":"app-service","timestamp":"2025-02-26T07:04:51.251Z"}
{"level":"info","message":"Query: START TRANSACTION ","service":"app-service","timestamp":"2025-02-26T07:04:51.253Z"}
{"level":"info","message":"Query: SELECT * FROM \"information_schema\".\"tables\" WHERE \"table_schema\" = 'public' AND \"table_name\" = 'typeorm_metadata' ","service":"app-service","timestamp":"2025-02-26T07:04:51.255Z"}
{"level":"info","message":"Query: COMMIT ","service":"app-service","timestamp":"2025-02-26T07:04:51.261Z"}
{"level":"info","message":"Query: SELECT * FROM current_schema() ","service":"app-service","timestamp":"2025-02-26T07:04:58.164Z"}
{"level":"info","message":"Query: SELECT version(); ","service":"app-service","timestamp":"2025-02-26T07:04:58.171Z"}
{"level":"info","message":"Query: START TRANSACTION ","service":"app-service","timestamp":"2025-02-26T07:04:58.173Z"}
{"level":"info","message":"Query: SELECT * FROM \"information_schema\".\"tables\" WHERE \"table_schema\" = 'public' AND \"table_name\" = 'typeorm_metadata' ","service":"app-service","timestamp":"2025-02-26T07:04:58.174Z"}
{"level":"info","message":"Query: COMMIT ","service":"app-service","timestamp":"2025-02-26T07:04:58.180Z"}
{"level":"info","message":"Query: SELECT * FROM current_schema() ","service":"app-service","timestamp":"2025-02-26T07:05:20.048Z"}
{"level":"info","message":"Query: SELECT version(); ","service":"app-service","timestamp":"2025-02-26T07:05:20.056Z"}
{"level":"info","message":"Query: START TRANSACTION ","service":"app-service","timestamp":"2025-02-26T07:05:20.059Z"}
{"level":"info","message":"Query: SELECT * FROM \"information_schema\".\"tables\" WHERE \"table_schema\" = 'public' AND \"table_name\" = 'typeorm_metadata' ","service":"app-service","timestamp":"2025-02-26T07:05:20.063Z"}
{"level":"info","message":"Query: COMMIT ","service":"app-service","timestamp":"2025-02-26T07:05:20.074Z"}
{"level":"info","message":"Query: SELECT * FROM current_schema() ","service":"app-service","timestamp":"2025-02-26T07:05:30.994Z"}
{"level":"info","message":"Query: SELECT version(); ","service":"app-service","timestamp":"2025-02-26T07:05:31.005Z"}
{"level":"info","message":"Query: START TRANSACTION ","service":"app-service","timestamp":"2025-02-26T07:05:31.007Z"}
{"level":"info","message":"Query: SELECT * FROM \"information_schema\".\"tables\" WHERE \"table_schema\" = 'public' AND \"table_name\" = 'typeorm_metadata' ","service":"app-service","timestamp":"2025-02-26T07:05:31.010Z"}
{"level":"info","message":"Query: COMMIT ","service":"app-service","timestamp":"2025-02-26T07:05:31.019Z"}
{"level":"info","message":"Query: SELECT * FROM current_schema() ","service":"app-service","timestamp":"2025-02-26T07:06:05.525Z"}
{"level":"info","message":"Query: SELECT version(); ","service":"app-service","timestamp":"2025-02-26T07:06:05.539Z"}
{"level":"info","message":"Query: START TRANSACTION ","service":"app-service","timestamp":"2025-02-26T07:06:05.543Z"}
{"level":"info","message":"Query: SELECT * FROM \"information_schema\".\"tables\" WHERE \"table_schema\" = 'public' AND \"table_name\" = 'typeorm_metadata' ","service":"app-service","timestamp":"2025-02-26T07:06:05.545Z"}
{"level":"info","message":"Query: COMMIT ","service":"app-service","timestamp":"2025-02-26T07:06:05.553Z"}
{"level":"info","message":"Query: SELECT * FROM current_schema() ","service":"app-service","timestamp":"2025-02-26T07:06:20.044Z"}
{"level":"info","message":"Query: SELECT version(); ","service":"app-service","timestamp":"2025-02-26T07:06:20.052Z"}
{"level":"info","message":"Query: START TRANSACTION ","service":"app-service","timestamp":"2025-02-26T07:06:20.053Z"}
{"level":"info","message":"Query: SELECT * FROM \"information_schema\".\"tables\" WHERE \"table_schema\" = 'public' AND \"table_name\" = 'typeorm_metadata' ","service":"app-service","timestamp":"2025-02-26T07:06:20.055Z"}
{"level":"info","message":"Query: COMMIT ","service":"app-service","timestamp":"2025-02-26T07:06:20.060Z"}
{"level":"info","message":"Query: SELECT * FROM current_schema() ","service":"app-service","timestamp":"2025-02-26T07:07:16.268Z"}
{"level":"info","message":"Query: SELECT version(); ","service":"app-service","timestamp":"2025-02-26T07:07:16.279Z"}
{"level":"info","message":"Query: START TRANSACTION ","service":"app-service","timestamp":"2025-02-26T07:07:16.281Z"}
{"level":"info","message":"Query: SELECT * FROM \"information_schema\".\"tables\" WHERE \"table_schema\" = 'public' AND \"table_name\" = 'typeorm_metadata' ","service":"app-service","timestamp":"2025-02-26T07:07:16.283Z"}
{"level":"info","message":"Query: COMMIT ","service":"app-service","timestamp":"2025-02-26T07:07:16.295Z"}
{"level":"info","message":"Query: SELECT * FROM current_schema() ","service":"app-service","timestamp":"2025-02-26T07:09:27.264Z"}
{"level":"info","message":"Query: SELECT version(); ","service":"app-service","timestamp":"2025-02-26T07:09:27.271Z"}
{"level":"info","message":"Query: START TRANSACTION ","service":"app-service","timestamp":"2025-02-26T07:09:27.273Z"}
{"level":"info","message":"Query: SELECT * FROM \"information_schema\".\"tables\" WHERE \"table_schema\" = 'public' AND \"table_name\" = 'typeorm_metadata' ","service":"app-service","timestamp":"2025-02-26T07:09:27.275Z"}
{"level":"info","message":"Query: COMMIT ","service":"app-service","timestamp":"2025-02-26T07:09:27.282Z"}
{"level":"info","message":"Query: SELECT * FROM current_schema() ","service":"app-service","timestamp":"2025-02-26T07:09:30.979Z"}
{"level":"info","message":"Query: SELECT version(); ","service":"app-service","timestamp":"2025-02-26T07:09:30.985Z"}
{"level":"info","message":"Query: START TRANSACTION ","service":"app-service","timestamp":"2025-02-26T07:09:30.987Z"}
{"level":"info","message":"Query: SELECT * FROM \"information_schema\".\"tables\" WHERE \"table_schema\" = 'public' AND \"table_name\" = 'typeorm_metadata' ","service":"app-service","timestamp":"2025-02-26T07:09:30.989Z"}
{"level":"info","message":"Query: COMMIT ","service":"app-service","timestamp":"2025-02-26T07:09:30.995Z"}
{"level":"info","message":"Query: SELECT * FROM current_schema() ","service":"app-service","timestamp":"2025-02-26T07:10:18.880Z"}
{"level":"info","message":"Query: SELECT version(); ","service":"app-service","timestamp":"2025-02-26T07:10:18.893Z"}
{"level":"info","message":"Query: START TRANSACTION ","service":"app-service","timestamp":"2025-02-26T07:10:18.896Z"}
{"level":"info","message":"Query: SELECT * FROM \"information_schema\".\"tables\" WHERE \"table_schema\" = 'public' AND \"table_name\" = 'typeorm_metadata' ","service":"app-service","timestamp":"2025-02-26T07:10:18.900Z"}
{"level":"info","message":"Query: COMMIT ","service":"app-service","timestamp":"2025-02-26T07:10:18.911Z"}
{"level":"info","message":"Query: SELECT * FROM current_schema() ","service":"app-service","timestamp":"2025-02-26T07:10:22.202Z"}
{"level":"info","message":"Query: SELECT version(); ","service":"app-service","timestamp":"2025-02-26T07:10:22.208Z"}
{"level":"info","message":"Query: START TRANSACTION ","service":"app-service","timestamp":"2025-02-26T07:10:22.209Z"}
{"level":"info","message":"Query: SELECT * FROM \"information_schema\".\"tables\" WHERE \"table_schema\" = 'public' AND \"table_name\" = 'typeorm_metadata' ","service":"app-service","timestamp":"2025-02-26T07:10:22.211Z"}
{"level":"info","message":"Query: COMMIT ","service":"app-service","timestamp":"2025-02-26T07:10:22.218Z"}
{"level":"info","message":"Query: SELECT * FROM current_schema() ","service":"app-service","timestamp":"2025-02-26T07:10:34.573Z"}
{"level":"info","message":"Query: SELECT version(); ","service":"app-service","timestamp":"2025-02-26T07:10:34.585Z"}
{"level":"info","message":"Query: START TRANSACTION ","service":"app-service","timestamp":"2025-02-26T07:10:34.588Z"}
{"level":"info","message":"Query: SELECT * FROM \"information_schema\".\"tables\" WHERE \"table_schema\" = 'public' AND \"table_name\" = 'typeorm_metadata' ","service":"app-service","timestamp":"2025-02-26T07:10:34.590Z"}
{"level":"info","message":"Query: COMMIT ","service":"app-service","timestamp":"2025-02-26T07:10:34.596Z"}
{"level":"info","message":"Query: SELECT * FROM current_schema() ","service":"app-service","timestamp":"2025-02-26T07:10:39.142Z"}
{"level":"info","message":"Query: SELECT version(); ","service":"app-service","timestamp":"2025-02-26T07:10:39.149Z"}
{"level":"info","message":"Query: START TRANSACTION ","service":"app-service","timestamp":"2025-02-26T07:10:39.152Z"}
{"level":"info","message":"Query: SELECT * FROM \"information_schema\".\"tables\" WHERE \"table_schema\" = 'public' AND \"table_name\" = 'typeorm_metadata' ","service":"app-service","timestamp":"2025-02-26T07:10:39.154Z"}
{"level":"info","message":"Query: COMMIT ","service":"app-service","timestamp":"2025-02-26T07:10:39.161Z"}
{"level":"info","message":"Query: SELECT * FROM current_schema() ","service":"app-service","timestamp":"2025-02-26T07:10:45.198Z"}
{"level":"info","message":"Query: SELECT version(); ","service":"app-service","timestamp":"2025-02-26T07:10:45.204Z"}
{"level":"info","message":"Query: START TRANSACTION ","service":"app-service","timestamp":"2025-02-26T07:10:45.206Z"}
{"level":"info","message":"Query: SELECT * FROM \"information_schema\".\"tables\" WHERE \"table_schema\" = 'public' AND \"table_name\" = 'typeorm_metadata' ","service":"app-service","timestamp":"2025-02-26T07:10:45.207Z"}
{"level":"info","message":"Query: COMMIT ","service":"app-service","timestamp":"2025-02-26T07:10:45.213Z"}
{"level":"info","message":"Query: SELECT * FROM current_schema() ","service":"app-service","timestamp":"2025-02-26T07:10:54.760Z"}
{"level":"info","message":"Query: SELECT version(); ","service":"app-service","timestamp":"2025-02-26T07:10:54.767Z"}
{"level":"info","message":"Query: START TRANSACTION ","service":"app-service","timestamp":"2025-02-26T07:10:54.770Z"}
{"level":"info","message":"Query: SELECT * FROM \"information_schema\".\"tables\" WHERE \"table_schema\" = 'public' AND \"table_name\" = 'typeorm_metadata' ","service":"app-service","timestamp":"2025-02-26T07:10:54.772Z"}
{"level":"info","message":"Query: COMMIT ","service":"app-service","timestamp":"2025-02-26T07:10:54.782Z"}
{"level":"info","message":"Query: SELECT * FROM current_schema() ","service":"app-service","timestamp":"2025-02-26T07:11:01.264Z"}
{"level":"info","message":"Query: SELECT version(); ","service":"app-service","timestamp":"2025-02-26T07:11:01.271Z"}
{"level":"info","message":"Query: START TRANSACTION ","service":"app-service","timestamp":"2025-02-26T07:11:01.272Z"}
{"level":"info","message":"Query: SELECT * FROM \"information_schema\".\"tables\" WHERE \"table_schema\" = 'public' AND \"table_name\" = 'typeorm_metadata' ","service":"app-service","timestamp":"2025-02-26T07:11:01.274Z"}
{"level":"info","message":"Query: COMMIT ","service":"app-service","timestamp":"2025-02-26T07:11:01.280Z"}
{"level":"info","message":"Query: SELECT * FROM current_schema() ","service":"app-service","timestamp":"2025-02-26T07:11:02.577Z"}
{"level":"info","message":"Query: SELECT version(); ","service":"app-service","timestamp":"2025-02-26T07:11:02.584Z"}
{"level":"info","message":"Query: START TRANSACTION ","service":"app-service","timestamp":"2025-02-26T07:11:02.585Z"}
{"level":"info","message":"Query: SELECT * FROM \"information_schema\".\"tables\" WHERE \"table_schema\" = 'public' AND \"table_name\" = 'typeorm_metadata' ","service":"app-service","timestamp":"2025-02-26T07:11:02.587Z"}
{"level":"info","message":"Query: COMMIT ","service":"app-service","timestamp":"2025-02-26T07:11:02.593Z"}
{"level":"info","message":"Query: SELECT * FROM current_schema() ","service":"app-service","timestamp":"2025-02-26T07:11:08.757Z"}
{"level":"info","message":"Query: SELECT version(); ","service":"app-service","timestamp":"2025-02-26T07:11:08.765Z"}
{"level":"info","message":"Query: START TRANSACTION ","service":"app-service","timestamp":"2025-02-26T07:11:08.767Z"}
{"level":"info","message":"Query: SELECT * FROM \"information_schema\".\"tables\" WHERE \"table_schema\" = 'public' AND \"table_name\" = 'typeorm_metadata' ","service":"app-service","timestamp":"2025-02-26T07:11:08.768Z"}
{"level":"info","message":"Query: COMMIT ","service":"app-service","timestamp":"2025-02-26T07:11:08.774Z"}
{"level":"info","message":"Query: SELECT * FROM current_schema() ","service":"app-service","timestamp":"2025-02-26T07:11:13.304Z"}
{"level":"info","message":"Query: SELECT version(); ","service":"app-service","timestamp":"2025-02-26T07:11:13.311Z"}
{"level":"info","message":"Query: START TRANSACTION ","service":"app-service","timestamp":"2025-02-26T07:11:13.314Z"}
{"level":"info","message":"Query: SELECT * FROM \"information_schema\".\"tables\" WHERE \"table_schema\" = 'public' AND \"table_name\" = 'typeorm_metadata' ","service":"app-service","timestamp":"2025-02-26T07:11:13.316Z"}
{"level":"info","message":"Query: COMMIT ","service":"app-service","timestamp":"2025-02-26T07:11:13.323Z"}
{"level":"info","message":"Query: SELECT * FROM current_schema() ","service":"app-service","timestamp":"2025-02-26T07:11:23.191Z"}
{"level":"info","message":"Query: SELECT version(); ","service":"app-service","timestamp":"2025-02-26T07:11:23.198Z"}
{"level":"info","message":"Query: START TRANSACTION ","service":"app-service","timestamp":"2025-02-26T07:11:23.200Z"}
{"level":"info","message":"Query: SELECT * FROM \"information_schema\".\"tables\" WHERE \"table_schema\" = 'public' AND \"table_name\" = 'typeorm_metadata' ","service":"app-service","timestamp":"2025-02-26T07:11:23.201Z"}
{"level":"info","message":"Query: COMMIT ","service":"app-service","timestamp":"2025-02-26T07:11:23.207Z"}
{"level":"info","message":"Query: SELECT * FROM current_schema() ","service":"app-service","timestamp":"2025-02-26T07:11:38.340Z"}
{"level":"info","message":"Query: SELECT version(); ","service":"app-service","timestamp":"2025-02-26T07:11:38.346Z"}
{"level":"info","message":"Query: START TRANSACTION ","service":"app-service","timestamp":"2025-02-26T07:11:38.348Z"}
{"level":"info","message":"Query: SELECT * FROM \"information_schema\".\"tables\" WHERE \"table_schema\" = 'public' AND \"table_name\" = 'typeorm_metadata' ","service":"app-service","timestamp":"2025-02-26T07:11:38.350Z"}
{"level":"info","message":"Query: COMMIT ","service":"app-service","timestamp":"2025-02-26T07:11:38.356Z"}
{"level":"info","message":"Query: SELECT * FROM current_schema() ","service":"app-service","timestamp":"2025-02-26T07:11:39.790Z"}
{"level":"info","message":"Query: SELECT version(); ","service":"app-service","timestamp":"2025-02-26T07:11:39.796Z"}
{"level":"info","message":"Query: START TRANSACTION ","service":"app-service","timestamp":"2025-02-26T07:11:39.798Z"}
{"level":"info","message":"Query: SELECT * FROM \"information_schema\".\"tables\" WHERE \"table_schema\" = 'public' AND \"table_name\" = 'typeorm_metadata' ","service":"app-service","timestamp":"2025-02-26T07:11:39.799Z"}
{"level":"info","message":"Query: COMMIT ","service":"app-service","timestamp":"2025-02-26T07:11:39.804Z"}
{"level":"info","message":"Query: SELECT * FROM current_schema() ","service":"app-service","timestamp":"2025-02-26T07:11:57.859Z"}
{"level":"info","message":"Query: SELECT version(); ","service":"app-service","timestamp":"2025-02-26T07:11:57.868Z"}
{"level":"info","message":"Query: START TRANSACTION ","service":"app-service","timestamp":"2025-02-26T07:11:57.870Z"}
{"level":"info","message":"Query: SELECT * FROM \"information_schema\".\"tables\" WHERE \"table_schema\" = 'public' AND \"table_name\" = 'typeorm_metadata' ","service":"app-service","timestamp":"2025-02-26T07:11:57.874Z"}
{"level":"info","message":"Query: COMMIT ","service":"app-service","timestamp":"2025-02-26T07:11:57.894Z"}
{"level":"info","message":"Query: SELECT * FROM current_schema() ","service":"app-service","timestamp":"2025-02-26T07:11:59.912Z"}
{"level":"info","message":"Query: SELECT version(); ","service":"app-service","timestamp":"2025-02-26T07:11:59.918Z"}
{"level":"info","message":"Query: START TRANSACTION ","service":"app-service","timestamp":"2025-02-26T07:11:59.919Z"}
{"level":"info","message":"Query: SELECT * FROM \"information_schema\".\"tables\" WHERE \"table_schema\" = 'public' AND \"table_name\" = 'typeorm_metadata' ","service":"app-service","timestamp":"2025-02-26T07:11:59.921Z"}
{"level":"info","message":"Query: COMMIT ","service":"app-service","timestamp":"2025-02-26T07:11:59.926Z"}
{"level":"info","message":"Query: SELECT * FROM current_schema() ","service":"app-service","timestamp":"2025-02-26T07:12:06.257Z"}
{"level":"info","message":"Query: SELECT version(); ","service":"app-service","timestamp":"2025-02-26T07:12:06.264Z"}
{"level":"info","message":"Query: START TRANSACTION ","service":"app-service","timestamp":"2025-02-26T07:12:06.267Z"}
{"level":"info","message":"Query: SELECT * FROM \"information_schema\".\"tables\" WHERE \"table_schema\" = 'public' AND \"table_name\" = 'typeorm_metadata' ","service":"app-service","timestamp":"2025-02-26T07:12:06.269Z"}
{"level":"info","message":"Query: COMMIT ","service":"app-service","timestamp":"2025-02-26T07:12:06.275Z"}
{"level":"info","message":"Query: SELECT * FROM current_schema() ","service":"app-service","timestamp":"2025-02-26T07:12:10.075Z"}
{"level":"info","message":"Query: SELECT version(); ","service":"app-service","timestamp":"2025-02-26T07:12:10.083Z"}
{"level":"info","message":"Query: START TRANSACTION ","service":"app-service","timestamp":"2025-02-26T07:12:10.085Z"}
{"level":"info","message":"Query: SELECT * FROM \"information_schema\".\"tables\" WHERE \"table_schema\" = 'public' AND \"table_name\" = 'typeorm_metadata' ","service":"app-service","timestamp":"2025-02-26T07:12:10.086Z"}
{"level":"info","message":"Query: COMMIT ","service":"app-service","timestamp":"2025-02-26T07:12:10.093Z"}
{"level":"info","message":"Query: SELECT * FROM current_schema() ","service":"app-service","timestamp":"2025-02-26T07:12:16.751Z"}
{"level":"info","message":"Query: SELECT version(); ","service":"app-service","timestamp":"2025-02-26T07:12:16.758Z"}
{"level":"info","message":"Query: START TRANSACTION ","service":"app-service","timestamp":"2025-02-26T07:12:16.760Z"}
{"level":"info","message":"Query: SELECT * FROM \"information_schema\".\"tables\" WHERE \"table_schema\" = 'public' AND \"table_name\" = 'typeorm_metadata' ","service":"app-service","timestamp":"2025-02-26T07:12:16.762Z"}
{"level":"info","message":"Query: COMMIT ","service":"app-service","timestamp":"2025-02-26T07:12:16.768Z"}
{"level":"info","message":"Query: SELECT * FROM current_schema() ","service":"app-service","timestamp":"2025-02-26T07:12:20.928Z"}
{"level":"info","message":"Query: SELECT version(); ","service":"app-service","timestamp":"2025-02-26T07:12:20.934Z"}
{"level":"info","message":"Query: START TRANSACTION ","service":"app-service","timestamp":"2025-02-26T07:12:20.936Z"}
{"level":"info","message":"Query: SELECT * FROM \"information_schema\".\"tables\" WHERE \"table_schema\" = 'public' AND \"table_name\" = 'typeorm_metadata' ","service":"app-service","timestamp":"2025-02-26T07:12:20.937Z"}
{"level":"info","message":"Query: COMMIT ","service":"app-service","timestamp":"2025-02-26T07:12:20.944Z"}
{"level":"info","message":"Query: SELECT * FROM current_schema() ","service":"app-service","timestamp":"2025-02-26T07:12:27.114Z"}
{"level":"info","message":"Query: SELECT version(); ","service":"app-service","timestamp":"2025-02-26T07:12:27.121Z"}
{"level":"info","message":"Query: START TRANSACTION ","service":"app-service","timestamp":"2025-02-26T07:12:27.122Z"}
{"level":"info","message":"Query: SELECT * FROM \"information_schema\".\"tables\" WHERE \"table_schema\" = 'public' AND \"table_name\" = 'typeorm_metadata' ","service":"app-service","timestamp":"2025-02-26T07:12:27.124Z"}
{"level":"info","message":"Query: COMMIT ","service":"app-service","timestamp":"2025-02-26T07:12:27.130Z"}
{"level":"info","message":"Query: SELECT * FROM current_schema() ","service":"app-service","timestamp":"2025-02-26T07:12:28.681Z"}
{"level":"info","message":"Query: SELECT version(); ","service":"app-service","timestamp":"2025-02-26T07:12:28.687Z"}
{"level":"info","message":"Query: START TRANSACTION ","service":"app-service","timestamp":"2025-02-26T07:12:28.688Z"}
{"level":"info","message":"Query: SELECT * FROM \"information_schema\".\"tables\" WHERE \"table_schema\" = 'public' AND \"table_name\" = 'typeorm_metadata' ","service":"app-service","timestamp":"2025-02-26T07:12:28.690Z"}
{"level":"info","message":"Query: COMMIT ","service":"app-service","timestamp":"2025-02-26T07:12:28.696Z"}
{"level":"info","message":"Query: SELECT * FROM current_schema() ","service":"app-service","timestamp":"2025-02-26T07:12:38.646Z"}
{"level":"info","message":"Query: SELECT version(); ","service":"app-service","timestamp":"2025-02-26T07:12:38.652Z"}
{"level":"info","message":"Query: START TRANSACTION ","service":"app-service","timestamp":"2025-02-26T07:12:38.653Z"}
{"level":"info","message":"Query: SELECT * FROM \"information_schema\".\"tables\" WHERE \"table_schema\" = 'public' AND \"table_name\" = 'typeorm_metadata' ","service":"app-service","timestamp":"2025-02-26T07:12:38.655Z"}
{"level":"info","message":"Query: COMMIT ","service":"app-service","timestamp":"2025-02-26T07:12:38.660Z"}
{"level":"info","message":"Query: SELECT * FROM current_schema() ","service":"app-service","timestamp":"2025-02-26T07:12:41.979Z"}
{"level":"info","message":"Query: SELECT version(); ","service":"app-service","timestamp":"2025-02-26T07:12:41.989Z"}
{"level":"info","message":"Query: START TRANSACTION ","service":"app-service","timestamp":"2025-02-26T07:12:41.991Z"}
{"level":"info","message":"Query: SELECT * FROM \"information_schema\".\"tables\" WHERE \"table_schema\" = 'public' AND \"table_name\" = 'typeorm_metadata' ","service":"app-service","timestamp":"2025-02-26T07:12:41.993Z"}
{"level":"info","message":"Query: COMMIT ","service":"app-service","timestamp":"2025-02-26T07:12:42.000Z"}
{"level":"info","message":"Query: SELECT * FROM current_schema() ","service":"app-service","timestamp":"2025-02-26T07:12:47.472Z"}
{"level":"info","message":"Query: SELECT version(); ","service":"app-service","timestamp":"2025-02-26T07:12:47.478Z"}
{"level":"info","message":"Query: START TRANSACTION ","service":"app-service","timestamp":"2025-02-26T07:12:47.480Z"}
{"level":"info","message":"Query: SELECT * FROM \"information_schema\".\"tables\" WHERE \"table_schema\" = 'public' AND \"table_name\" = 'typeorm_metadata' ","service":"app-service","timestamp":"2025-02-26T07:12:47.481Z"}
{"level":"info","message":"Query: COMMIT ","service":"app-service","timestamp":"2025-02-26T07:12:47.487Z"}
{"level":"info","message":"Query: SELECT * FROM current_schema() ","service":"app-service","timestamp":"2025-02-26T07:13:06.993Z"}
{"level":"info","message":"Query: SELECT version(); ","service":"app-service","timestamp":"2025-02-26T07:13:07.000Z"}
{"level":"info","message":"Query: START TRANSACTION ","service":"app-service","timestamp":"2025-02-26T07:13:07.003Z"}
{"level":"info","message":"Query: SELECT * FROM \"information_schema\".\"tables\" WHERE \"table_schema\" = 'public' AND \"table_name\" = 'typeorm_metadata' ","service":"app-service","timestamp":"2025-02-26T07:13:07.004Z"}
{"level":"info","message":"Query: COMMIT ","service":"app-service","timestamp":"2025-02-26T07:13:07.012Z"}
{"level":"info","message":"Query: SELECT * FROM current_schema() ","service":"app-service","timestamp":"2025-02-26T07:13:09.556Z"}
{"level":"info","message":"Query: SELECT version(); ","service":"app-service","timestamp":"2025-02-26T07:13:09.562Z"}
{"level":"info","message":"Query: START TRANSACTION ","service":"app-service","timestamp":"2025-02-26T07:13:09.564Z"}
{"level":"info","message":"Query: SELECT * FROM \"information_schema\".\"tables\" WHERE \"table_schema\" = 'public' AND \"table_name\" = 'typeorm_metadata' ","service":"app-service","timestamp":"2025-02-26T07:13:09.565Z"}
{"level":"info","message":"Query: COMMIT ","service":"app-service","timestamp":"2025-02-26T07:13:09.574Z"}
{"level":"info","message":"Query: SELECT * FROM current_schema() ","service":"app-service","timestamp":"2025-02-26T07:13:20.260Z"}
{"level":"info","message":"Query: SELECT version(); ","service":"app-service","timestamp":"2025-02-26T07:13:20.266Z"}
{"level":"info","message":"Query: START TRANSACTION ","service":"app-service","timestamp":"2025-02-26T07:13:20.268Z"}
{"level":"info","message":"Query: SELECT * FROM \"information_schema\".\"tables\" WHERE \"table_schema\" = 'public' AND \"table_name\" = 'typeorm_metadata' ","service":"app-service","timestamp":"2025-02-26T07:13:20.270Z"}
{"level":"info","message":"Query: COMMIT ","service":"app-service","timestamp":"2025-02-26T07:13:20.276Z"}
{"level":"info","message":"Query: SELECT * FROM current_schema() ","service":"app-service","timestamp":"2025-02-26T07:13:31.403Z"}
{"level":"info","message":"Query: SELECT version(); ","service":"app-service","timestamp":"2025-02-26T07:13:31.410Z"}
{"level":"info","message":"Query: START TRANSACTION ","service":"app-service","timestamp":"2025-02-26T07:13:31.412Z"}
{"level":"info","message":"Query: SELECT * FROM \"information_schema\".\"tables\" WHERE \"table_schema\" = 'public' AND \"table_name\" = 'typeorm_metadata' ","service":"app-service","timestamp":"2025-02-26T07:13:31.414Z"}
{"level":"info","message":"Query: COMMIT ","service":"app-service","timestamp":"2025-02-26T07:13:31.423Z"}
{"level":"info","message":"Query: SELECT * FROM current_schema() ","service":"app-service","timestamp":"2025-02-26T07:13:35.759Z"}
{"level":"info","message":"Query: SELECT version(); ","service":"app-service","timestamp":"2025-02-26T07:13:35.766Z"}
{"level":"info","message":"Query: START TRANSACTION ","service":"app-service","timestamp":"2025-02-26T07:13:35.767Z"}
{"level":"info","message":"Query: SELECT * FROM \"information_schema\".\"tables\" WHERE \"table_schema\" = 'public' AND \"table_name\" = 'typeorm_metadata' ","service":"app-service","timestamp":"2025-02-26T07:13:35.769Z"}
{"level":"info","message":"Query: COMMIT ","service":"app-service","timestamp":"2025-02-26T07:13:35.775Z"}
{"level":"info","message":"Query: SELECT * FROM current_schema() ","service":"app-service","timestamp":"2025-02-26T07:13:47.469Z"}
{"level":"info","message":"Query: SELECT version(); ","service":"app-service","timestamp":"2025-02-26T07:13:47.475Z"}
{"level":"info","message":"Query: START TRANSACTION ","service":"app-service","timestamp":"2025-02-26T07:13:47.477Z"}
{"level":"info","message":"Query: SELECT * FROM \"information_schema\".\"tables\" WHERE \"table_schema\" = 'public' AND \"table_name\" = 'typeorm_metadata' ","service":"app-service","timestamp":"2025-02-26T07:13:47.479Z"}
{"level":"info","message":"Query: COMMIT ","service":"app-service","timestamp":"2025-02-26T07:13:47.485Z"}
{"level":"info","message":"Query: SELECT * FROM current_schema() ","service":"app-service","timestamp":"2025-02-26T07:14:41.247Z"}
{"level":"info","message":"Query: SELECT version(); ","service":"app-service","timestamp":"2025-02-26T07:14:41.254Z"}
{"level":"info","message":"Query: START TRANSACTION ","service":"app-service","timestamp":"2025-02-26T07:14:41.256Z"}
{"level":"info","message":"Query: SELECT * FROM \"information_schema\".\"tables\" WHERE \"table_schema\" = 'public' AND \"table_name\" = 'typeorm_metadata' ","service":"app-service","timestamp":"2025-02-26T07:14:41.258Z"}
{"level":"info","message":"Query: COMMIT ","service":"app-service","timestamp":"2025-02-26T07:14:41.265Z"}
{"level":"info","message":"Query: SELECT * FROM current_schema() ","service":"app-service","timestamp":"2025-02-26T07:14:47.932Z"}
{"level":"info","message":"Query: SELECT version(); ","service":"app-service","timestamp":"2025-02-26T07:14:47.939Z"}
{"level":"info","message":"Query: START TRANSACTION ","service":"app-service","timestamp":"2025-02-26T07:14:47.941Z"}
{"level":"info","message":"Query: SELECT * FROM \"information_schema\".\"tables\" WHERE \"table_schema\" = 'public' AND \"table_name\" = 'typeorm_metadata' ","service":"app-service","timestamp":"2025-02-26T07:14:47.942Z"}
{"level":"info","message":"Query: COMMIT ","service":"app-service","timestamp":"2025-02-26T07:14:47.950Z"}
{"level":"info","message":"Query: SELECT * FROM current_schema() ","service":"app-service","timestamp":"2025-02-26T07:14:49.116Z"}
{"level":"info","message":"Query: SELECT version(); ","service":"app-service","timestamp":"2025-02-26T07:14:49.123Z"}
{"level":"info","message":"Query: START TRANSACTION ","service":"app-service","timestamp":"2025-02-26T07:14:49.126Z"}
{"level":"info","message":"Query: SELECT * FROM \"information_schema\".\"tables\" WHERE \"table_schema\" = 'public' AND \"table_name\" = 'typeorm_metadata' ","service":"app-service","timestamp":"2025-02-26T07:14:49.128Z"}
{"level":"info","message":"Query: COMMIT ","service":"app-service","timestamp":"2025-02-26T07:14:49.134Z"}
{"level":"info","message":"Query: SELECT * FROM current_schema() ","service":"app-service","timestamp":"2025-02-26T07:15:00.200Z"}
{"level":"info","message":"Query: SELECT version(); ","service":"app-service","timestamp":"2025-02-26T07:15:00.206Z"}
{"level":"info","message":"Query: START TRANSACTION ","service":"app-service","timestamp":"2025-02-26T07:15:00.208Z"}
{"level":"info","message":"Query: SELECT * FROM \"information_schema\".\"tables\" WHERE \"table_schema\" = 'public' AND \"table_name\" = 'typeorm_metadata' ","service":"app-service","timestamp":"2025-02-26T07:15:00.209Z"}
{"level":"info","message":"Query: COMMIT ","service":"app-service","timestamp":"2025-02-26T07:15:00.215Z"}
{"level":"info","message":"Query: SELECT * FROM current_schema() ","service":"app-service","timestamp":"2025-02-26T07:15:10.190Z"}
{"level":"info","message":"Query: SELECT version(); ","service":"app-service","timestamp":"2025-02-26T07:15:10.196Z"}
{"level":"info","message":"Query: START TRANSACTION ","service":"app-service","timestamp":"2025-02-26T07:15:10.197Z"}
{"level":"info","message":"Query: SELECT * FROM \"information_schema\".\"tables\" WHERE \"table_schema\" = 'public' AND \"table_name\" = 'typeorm_metadata' ","service":"app-service","timestamp":"2025-02-26T07:15:10.199Z"}
{"level":"info","message":"Query: COMMIT ","service":"app-service","timestamp":"2025-02-26T07:15:10.205Z"}
{"level":"info","message":"Query: SELECT * FROM current_schema() ","service":"app-service","timestamp":"2025-02-26T07:15:13.381Z"}
{"level":"info","message":"Query: SELECT version(); ","service":"app-service","timestamp":"2025-02-26T07:15:13.387Z"}
{"level":"info","message":"Query: START TRANSACTION ","service":"app-service","timestamp":"2025-02-26T07:15:13.389Z"}
{"level":"info","message":"Query: SELECT * FROM \"information_schema\".\"tables\" WHERE \"table_schema\" = 'public' AND \"table_name\" = 'typeorm_metadata' ","service":"app-service","timestamp":"2025-02-26T07:15:13.390Z"}
{"level":"info","message":"Query: COMMIT ","service":"app-service","timestamp":"2025-02-26T07:15:13.396Z"}
{"level":"info","message":"Query: SELECT * FROM current_schema() ","service":"app-service","timestamp":"2025-02-26T07:15:22.322Z"}
{"level":"info","message":"Query: SELECT version(); ","service":"app-service","timestamp":"2025-02-26T07:15:22.329Z"}
{"level":"info","message":"Query: START TRANSACTION ","service":"app-service","timestamp":"2025-02-26T07:15:22.332Z"}
{"level":"info","message":"Query: SELECT * FROM \"information_schema\".\"tables\" WHERE \"table_schema\" = 'public' AND \"table_name\" = 'typeorm_metadata' ","service":"app-service","timestamp":"2025-02-26T07:15:22.333Z"}
{"level":"info","message":"Query: COMMIT ","service":"app-service","timestamp":"2025-02-26T07:15:22.340Z"}
{"level":"info","message":"Query: SELECT * FROM current_schema() ","service":"app-service","timestamp":"2025-02-26T07:15:47.761Z"}
{"level":"info","message":"Query: SELECT version(); ","service":"app-service","timestamp":"2025-02-26T07:15:47.767Z"}
{"level":"info","message":"Query: START TRANSACTION ","service":"app-service","timestamp":"2025-02-26T07:15:47.769Z"}
{"level":"info","message":"Query: SELECT * FROM \"information_schema\".\"tables\" WHERE \"table_schema\" = 'public' AND \"table_name\" = 'typeorm_metadata' ","service":"app-service","timestamp":"2025-02-26T07:15:47.771Z"}
{"level":"info","message":"Query: COMMIT ","service":"app-service","timestamp":"2025-02-26T07:15:47.782Z"}
{"level":"info","message":"Query: SELECT * FROM current_schema() ","service":"app-service","timestamp":"2025-02-26T07:17:04.931Z"}
{"level":"info","message":"Query: SELECT version(); ","service":"app-service","timestamp":"2025-02-26T07:17:04.937Z"}
{"level":"info","message":"Query: START TRANSACTION ","service":"app-service","timestamp":"2025-02-26T07:17:04.938Z"}
{"level":"info","message":"Query: SELECT * FROM \"information_schema\".\"tables\" WHERE \"table_schema\" = 'public' AND \"table_name\" = 'typeorm_metadata' ","service":"app-service","timestamp":"2025-02-26T07:17:04.940Z"}
{"level":"info","message":"Query: COMMIT ","service":"app-service","timestamp":"2025-02-26T07:17:04.946Z"}
{"level":"info","message":"Query: SELECT * FROM current_schema() ","service":"app-service","timestamp":"2025-02-26T07:17:07.761Z"}
{"level":"info","message":"Query: SELECT version(); ","service":"app-service","timestamp":"2025-02-26T07:17:07.768Z"}
{"level":"info","message":"Query: START TRANSACTION ","service":"app-service","timestamp":"2025-02-26T07:17:07.770Z"}
{"level":"info","message":"Query: SELECT * FROM \"information_schema\".\"tables\" WHERE \"table_schema\" = 'public' AND \"table_name\" = 'typeorm_metadata' ","service":"app-service","timestamp":"2025-02-26T07:17:07.773Z"}
{"level":"info","message":"Query: COMMIT ","service":"app-service","timestamp":"2025-02-26T07:17:07.782Z"}
{"level":"info","message":"Query: SELECT * FROM current_schema() ","service":"app-service","timestamp":"2025-02-26T07:17:09.189Z"}
{"level":"info","message":"Query: SELECT version(); ","service":"app-service","timestamp":"2025-02-26T07:17:09.195Z"}
{"level":"info","message":"Query: START TRANSACTION ","service":"app-service","timestamp":"2025-02-26T07:17:09.196Z"}
{"level":"info","message":"Query: SELECT * FROM \"information_schema\".\"tables\" WHERE \"table_schema\" = 'public' AND \"table_name\" = 'typeorm_metadata' ","service":"app-service","timestamp":"2025-02-26T07:17:09.198Z"}
{"level":"info","message":"Query: COMMIT ","service":"app-service","timestamp":"2025-02-26T07:17:09.203Z"}
{"level":"info","message":"Query: SELECT * FROM current_schema() ","service":"app-service","timestamp":"2025-02-26T07:18:05.763Z"}
{"level":"info","message":"Query: SELECT version(); ","service":"app-service","timestamp":"2025-02-26T07:18:05.770Z"}
{"level":"info","message":"Query: START TRANSACTION ","service":"app-service","timestamp":"2025-02-26T07:18:05.773Z"}
{"level":"info","message":"Query: SELECT * FROM \"information_schema\".\"tables\" WHERE \"table_schema\" = 'public' AND \"table_name\" = 'typeorm_metadata' ","service":"app-service","timestamp":"2025-02-26T07:18:05.775Z"}
{"level":"info","message":"Query: COMMIT ","service":"app-service","timestamp":"2025-02-26T07:18:05.785Z"}
